<?xml version="1.0" encoding="UTF-8"?>
<!-- Generated by org.testng.reporters.JUnitXMLReporter -->
<testsuite ignored="0" hostname="LAPTOP-0FC01LLL" failures="0" tests="10" name="Surefire test" time="19.206" errors="0" timestamp="2023-09-18T07:32:22 IST">
  <testcase classname="api.test.DDTests" name="testPostUser" time="2.694"/>
  <testcase classname="api.test.DDTests" name="testPostUser" time="1.368"/>
  <testcase classname="api.test.DDTests" name="testPostUser" time="1.267"/>
  <testcase classname="api.test.DDTests" name="testDeleteUserName" time="1.482"/>
  <testcase classname="api.test.DDTests" name="testDeleteUserName" time="1.519"/>
  <testcase classname="api.test.DDTests" name="testDeleteUserName" time="2.62"/>
  <testcase classname="api.test.UserTests" name="testPostUser" time="1.458"/>
  <testcase classname="api.test.UserTests" name="testGetUserByName" time="1.396"/>
  <testcase classname="api.test.UserTests" name="testUpdateUserByName" time="2.54"/>
  <testcase classname="api.test.UserTests" name="testDeleteUserByName" time="1.305"/>
</testsuite> <!-- Surefire test -->
