<?xml version="1.0" encoding="UTF-8"?>
<!-- Generated by org.testng.reporters.JUnitXMLReporter -->
<testsuite ignored="0" hostname="LAPTOP-0FC01LLL" failures="0" tests="6" name="Default test" time="14.678" errors="0" timestamp="2023-09-17T17:13:44 IST">
  <testcase classname="api.test.DDTests" name="testPostUser" time="4.053"/>
  <testcase classname="api.test.DDTests" name="testPostUser" time="2.002"/>
  <testcase classname="api.test.DDTests" name="testPostUser" time="1.935"/>
  <testcase classname="api.test.DDTests" name="testDeleteUserName" time="1.587"/>
  <testcase classname="api.test.DDTests" name="testDeleteUserName" time="1.825"/>
  <testcase classname="api.test.DDTests" name="testDeleteUserName" time="1.839"/>
</testsuite> <!-- Default test -->
