<?xml version="1.0" encoding="UTF-8"?>
<!-- Generated by org.testng.reporters.JUnitXMLReporter -->
<testsuite ignored="0" hostname="LAPTOP-0FC01LLL" failures="0" tests="4" name="PetTest" time="10.035" errors="0" timestamp="2023-09-18T06:59:50 IST">
  <testcase classname="api.test.UserTests2" name="testPostUser" time="3.215"/>
  <testcase classname="api.test.UserTests2" name="testGetUserByName" time="1.528"/>
  <testcase classname="api.test.UserTests2" name="testUpdateUserByName" time="3.054"/>
  <testcase classname="api.test.UserTests2" name="testDeleteUserByName" time="1.527"/>
</testsuite> <!-- PetTest -->
